SF:src/feedhenry.js
DA:1,1
DA:2,1
DA:3,1
DA:4,1
DA:5,1
DA:6,1
DA:7,1
DA:8,1
DA:9,1
DA:10,1
DA:11,1
DA:12,1
DA:13,1
DA:14,1
DA:15,1
DA:16,1
DA:17,1
DA:19,1
DA:20,0
DA:23,1
DA:24,2
DA:28,0
DA:32,0
DA:37,1
DA:39,0
DA:43,0
DA:45,0
DA:50,1
DA:51,0
DA:52,0
DA:55,0
DA:59,0
DA:65,1
DA:66,1
DA:67,1
DA:68,1
DA:69,1
DA:70,1
DA:71,1
DA:72,1
DA:73,1
DA:74,1
DA:77,1
DA:78,1
DA:80,1
DA:81,1
DA:83,1
DA:84,0
DA:87,1
DA:88,0
DA:91,1
DA:92,0
DA:96,1
DA:97,1
DA:98,1
DA:99,1
DA:101,5
DA:105,1
DA:107,0
DA:108,0
DA:110,1
DA:115,1
DA:120,1
DA:122,0
DA:124,1
DA:129,1
DA:133,1
DA:136,1
DA:137,1
end_of_record
SF:src/modules/XDomainRequestWrapper.js
DA:1,2
DA:3,2
DA:4,0
DA:5,0
DA:6,0
DA:7,0
DA:8,0
DA:9,0
DA:10,0
DA:11,0
DA:12,0
DA:13,0
DA:14,0
DA:15,0
DA:16,0
DA:17,0
DA:19,0
DA:22,0
DA:24,0
DA:26,0
DA:27,0
DA:28,0
DA:30,0
DA:33,0
DA:34,0
DA:35,0
DA:36,0
DA:38,0
DA:43,2
DA:44,0
DA:45,0
DA:46,0
DA:47,0
DA:50,2
DA:51,0
DA:54,2
DA:55,0
DA:58,2
DA:63,0
DA:66,2
DA:70,2
end_of_record
SF:src/modules/ajax.js
DA:11,2
DA:12,2
DA:13,2
DA:15,2
DA:17,2
DA:20,0
DA:21,0
DA:24,2
DA:35,2
DA:36,3
DA:39,2
DA:45,3
DA:48,3
DA:51,3
DA:55,0
DA:57,0
DA:61,3
DA:63,3
DA:71,3
DA:73,3
DA:77,3
DA:80,0
DA:82,0
DA:84,0
DA:85,0
DA:89,3
DA:92,3
DA:93,3
DA:94,3
DA:98,0
DA:99,0
DA:100,0
DA:103,0
DA:107,0
DA:110,0
DA:114,2
DA:115,2
DA:116,2
DA:123,0
DA:127,0
DA:128,0
DA:132,1
DA:137,3
DA:138,3
DA:139,3
DA:144,0
DA:145,0
DA:146,0
DA:150,0
DA:151,0
DA:152,0
DA:153,0
DA:154,0
DA:158,3
DA:159,3
DA:165,15
DA:166,15
DA:175,2
DA:187,3
DA:191,3
DA:195,2
DA:197,2
DA:198,2
DA:199,2
DA:203,1
DA:204,1
DA:205,1
DA:206,1
DA:210,3
DA:211,3
DA:212,3
DA:213,3
DA:219,2
DA:222,0
DA:228,0
DA:236,0
DA:237,0
DA:240,0
DA:241,0
DA:242,0
DA:245,0
DA:246,0
DA:249,0
DA:250,0
DA:254,0
DA:257,0
DA:258,0
DA:261,0
DA:265,3
DA:267,0
DA:269,3
DA:273,3
DA:276,3
DA:280,0
DA:284,0
DA:286,0
DA:288,0
DA:291,3
DA:294,2
DA:324,0
DA:331,0
DA:339,0
DA:341,0
DA:348,2
DA:349,0
DA:355,2
DA:357,0
DA:366,2
DA:367,0
DA:374,2
DA:377,0
DA:379,0
DA:392,0
DA:393,0
DA:394,0
DA:396,0
DA:397,0
DA:401,6
DA:402,6
DA:407,6
end_of_record
SF:src/modules/api_act.js
DA:1,1
DA:2,1
DA:3,1
DA:4,1
DA:5,1
DA:6,1
DA:7,1
DA:10,0
DA:11,0
DA:12,0
DA:13,0
DA:15,0
DA:17,0
DA:28,0
DA:33,1
DA:34,0
DA:36,0
DA:37,0
DA:42,0
DA:45,0
DA:46,0
DA:48,0
DA:50,0
end_of_record
SF:src/modules/api_auth.js
DA:1,1
DA:2,1
DA:3,1
DA:4,1
DA:5,1
DA:6,1
DA:7,1
DA:8,1
DA:9,1
DA:10,1
DA:13,0
DA:14,0
DA:17,0
DA:20,0
DA:31,0
DA:35,0
DA:37,0
DA:43,1
DA:45,0
DA:46,0
DA:50,0
DA:53,0
DA:56,0
DA:58,0
DA:60,0
DA:61,0
DA:62,0
DA:63,0
DA:65,0
DA:68,0
DA:70,0
DA:73,0
DA:75,0
DA:77,0
DA:78,0
DA:79,0
DA:80,0
DA:81,0
DA:83,0
DA:89,1
DA:90,0
DA:93,1
DA:94,0
DA:96,0
DA:100,0
DA:102,0
DA:103,0
DA:107,1
DA:109,1
DA:110,0
DA:112,0
DA:116,0
DA:117,0
DA:119,0
DA:122,0
DA:127,1
end_of_record
SF:src/modules/api_cloud.js
DA:1,1
DA:2,1
DA:3,1
DA:4,1
DA:5,1
DA:6,1
DA:7,1
DA:10,0
DA:11,0
DA:12,0
DA:13,0
DA:14,0
DA:16,0
DA:18,0
DA:21,0
DA:23,0
DA:26,0
DA:36,0
DA:41,1
DA:42,0
DA:44,0
DA:45,0
DA:49,0
DA:50,0
DA:52,0
DA:54,0
end_of_record
SF:src/modules/api_hash.js
DA:1,1
DA:3,1
DA:4,0
DA:6,0
DA:8,0
DA:9,0
DA:10,0
end_of_record
SF:src/modules/api_mbaas.js
DA:1,1
DA:2,1
DA:3,1
DA:4,1
DA:5,1
DA:6,1
DA:7,1
DA:9,1
DA:10,0
DA:12,0
DA:13,0
DA:17,0
DA:18,0
DA:20,0
DA:21,0
DA:23,0
DA:25,0
DA:26,0
DA:27,0
DA:28,0
DA:39,0
end_of_record
SF:src/modules/api_push.js
DA:1,1
DA:2,1
DA:3,1
DA:5,1
DA:7,0
DA:8,0
DA:12,0
DA:13,0
DA:15,0
DA:18,0
DA:19,0
DA:22,0
DA:25,0
DA:27,0
end_of_record
SF:src/modules/api_sec.js
DA:1,1
DA:2,1
DA:3,1
DA:4,1
DA:6,1
DA:8,0
DA:9,0
DA:12,0
DA:13,0
DA:16,0
DA:17,0
DA:19,0
DA:21,0
DA:24,0
DA:26,0
DA:28,0
DA:32,0
DA:34,0
DA:38,0
DA:40,0
end_of_record
SF:src/modules/appProps.js
DA:1,1
DA:2,1
DA:3,1
DA:4,1
DA:5,1
DA:7,1
DA:9,1
DA:10,1
DA:11,1
DA:12,1
DA:18,0
DA:24,1
DA:32,1
DA:35,1
DA:38,1
DA:39,1
DA:42,1
DA:43,1
DA:47,1
DA:52,0
DA:54,0
DA:57,1
DA:63,0
DA:65,0
DA:66,0
DA:71,1
DA:72,0
DA:75,1
DA:76,3
DA:79,1
end_of_record
SF:src/modules/checkAuth.js
DA:1,1
DA:2,1
DA:3,1
DA:4,1
DA:6,1
DA:8,0
DA:10,0
DA:13,0
DA:14,0
DA:15,0
DA:16,0
DA:18,0
DA:25,1
DA:28,0
DA:30,0
DA:31,0
DA:32,0
DA:35,0
DA:41,0
DA:42,0
DA:45,0
DA:47,0
DA:50,0
DA:51,0
DA:54,0
DA:59,0
DA:69,0
DA:70,0
DA:71,0
DA:75,0
DA:76,0
DA:77,0
DA:80,0
DA:81,0
DA:85,0
DA:88,0
DA:92,0
DA:100,1
DA:101,1
DA:104,0
DA:105,0
DA:109,1
end_of_record
SF:src/modules/constants.js
DA:1,1
end_of_record
SF:src/modules/cookies.js
DA:1,1
DA:3,0
DA:4,0
DA:6,0
DA:8,0
DA:11,0
DA:14,0
DA:18,0
DA:19,0
DA:20,0
DA:21,0
end_of_record
SF:src/modules/data.js
DA:1,1
DA:2,1
DA:3,1
DA:4,1
DA:6,1
DA:12,1
DA:13,1
DA:15,0
DA:17,1
DA:21,0
DA:22,0
DA:23,0
DA:26,1
DA:27,1
DA:30,0
DA:34,1
DA:36,1
DA:41,0
DA:43,0
DA:48,0
DA:50,0
DA:55,0
DA:57,0
DA:64,1
end_of_record
SF:src/modules/device.js
DA:1,1
DA:2,1
DA:3,1
DA:5,1
DA:10,0
DA:12,0
DA:14,0
DA:16,0
DA:17,0
DA:19,0
DA:20,0
DA:22,0
DA:29,0
DA:31,0
DA:33,0
DA:36,0
DA:40,0
DA:41,0
DA:44,0
DA:46,0
DA:48,0
DA:50,0
DA:52,0
DA:53,0
DA:55,0
DA:62,0
DA:65,0
DA:67,0
end_of_record
SF:src/modules/events.js
DA:1,2
DA:3,2
DA:4,2
DA:6,2
end_of_record
SF:src/modules/fhparams.js
DA:1,1
DA:2,1
DA:3,1
DA:4,1
DA:6,1
DA:7,1
DA:9,1
DA:11,0
DA:13,0
DA:14,0
DA:15,0
DA:16,0
DA:19,0
DA:24,0
DA:27,0
DA:30,0
DA:32,0
DA:34,0
DA:37,0
DA:39,0
DA:40,0
DA:41,0
DA:42,0
DA:43,0
DA:45,0
DA:49,0
DA:50,0
DA:51,0
DA:55,1
DA:56,0
DA:57,0
DA:58,0
DA:61,1
DA:62,0
DA:63,0
DA:66,0
DA:69,0
DA:72,1
DA:73,0
DA:74,0
DA:77,1
end_of_record
SF:src/modules/handleError.js
DA:1,1
DA:2,0
DA:3,0
DA:6,0
DA:7,0
DA:8,0
DA:10,0
DA:13,0
DA:17,0
end_of_record
SF:src/modules/hosts.js
DA:1,1
DA:2,1
DA:5,1
DA:7,0
DA:9,1
DA:13,0
DA:15,0
DA:17,0
DA:21,1
DA:22,1
DA:23,1
DA:24,1
DA:27,1
DA:29,0
DA:31,1
DA:32,1
DA:34,1
DA:41,0
DA:42,0
DA:45,0
DA:46,0
DA:48,0
DA:51,1
DA:52,1
DA:54,0
DA:56,1
DA:60,1
DA:61,0
DA:63,0
DA:66,0
DA:68,0
DA:72,1
DA:73,0
DA:75,0
DA:77,0
DA:80,1
DA:81,0
DA:83,0
DA:85,0
DA:88,1
DA:90,0
DA:93,0
DA:96,0
DA:99,1
end_of_record
SF:src/modules/initializer.js
DA:1,1
DA:2,1
DA:3,1
DA:4,1
DA:5,1
DA:6,1
DA:7,1
DA:8,1
DA:9,1
DA:10,1
DA:11,1
DA:13,1
DA:14,1
DA:16,0
DA:19,1
DA:20,1
DA:24,1
DA:26,0
DA:30,1
DA:47,1
DA:54,0
DA:55,0
DA:56,0
DA:58,0
DA:68,0
DA:74,0
DA:80,0
DA:82,0
DA:84,0
DA:87,0
DA:89,0
DA:95,0
DA:97,0
DA:99,0
DA:101,0
DA:112,0
DA:113,0
DA:115,0
DA:116,0
DA:117,0
DA:119,0
DA:120,0
DA:122,0
DA:125,0
DA:128,0
DA:132,0
DA:136,0
DA:140,1
end_of_record
SF:src/modules/lawnchair-ext.js
DA:1,1
DA:6,0
DA:10,0
DA:12,0
DA:14,0
DA:20,0
DA:22,0
DA:26,0
DA:28,0
DA:29,0
DA:31,0
DA:33,0
DA:35,0
DA:37,0
DA:38,0
DA:40,0
DA:43,0
DA:44,0
DA:49,0
DA:51,0
DA:56,0
DA:59,0
DA:64,0
DA:68,0
DA:69,0
DA:70,0
DA:71,0
DA:73,0
DA:76,0
DA:77,0
DA:78,0
DA:83,0
DA:85,0
DA:88,0
DA:91,0
DA:97,0
DA:101,0
DA:102,0
DA:103,0
DA:104,0
DA:105,0
DA:106,0
DA:107,0
DA:111,0
DA:116,0
DA:121,0
DA:123,0
DA:127,0
DA:133,0
DA:139,0
DA:140,0
DA:141,0
DA:143,0
DA:145,0
DA:152,0
DA:156,0
DA:158,0
DA:159,0
DA:161,0
DA:162,0
DA:167,0
DA:170,0
DA:173,0
DA:179,0
DA:186,1
end_of_record
SF:src/modules/loadScript.js
DA:1,1
DA:2,0
DA:3,0
DA:4,0
DA:5,0
DA:6,0
DA:7,0
DA:8,0
DA:10,0
DA:12,0
DA:14,0
DA:16,0
DA:20,0
end_of_record
SF:src/modules/logger.js
DA:1,2
DA:2,2
DA:4,2
DA:23,2
end_of_record
SF:src/modules/queryMap.js
DA:1,2
DA:2,4
DA:3,4
DA:5,4
DA:6,4
DA:7,4
DA:9,8
DA:10,8
DA:11,8
DA:14,4
end_of_record
SF:src/modules/sdkversion.js
DA:1,1
DA:3,1
DA:4,0
DA:6,0
DA:8,0
DA:10,0
end_of_record
SF:src/modules/security/aes-keygen.js
DA:1,1
DA:2,1
DA:3,1
DA:5,1
DA:6,0
DA:7,0
DA:8,0
DA:9,0
DA:11,0
DA:13,0
DA:16,1
DA:18,0
DA:19,0
DA:22,0
DA:23,0
DA:25,0
DA:29,0
DA:32,0
DA:34,0
DA:41,1
end_of_record
SF:src/modules/security/aes-node.js
DA:1,1
DA:3,1
DA:4,0
DA:6,0
DA:9,0
DA:11,0
DA:14,0
DA:15,0
DA:16,0
DA:19,1
DA:20,0
DA:22,0
DA:25,0
DA:27,0
DA:30,0
DA:31,0
DA:32,0
DA:35,0
DA:37,0
DA:41,1
end_of_record
SF:src/modules/security/hash.js
DA:1,1
DA:4,1
DA:6,0
DA:7,0
DA:9,0
DA:11,0
DA:13,0
DA:15,0
DA:17,0
DA:19,0
DA:21,0
DA:24,1
end_of_record
SF:src/modules/security/rsa-node.js
DA:1,1
DA:2,1
DA:4,1
DA:5,0
DA:7,0
DA:10,0
DA:12,0
DA:15,0
DA:16,0
DA:17,0
DA:18,0
DA:19,0
DA:22,1
end_of_record
SF:src/modules/sync_cloud_handler.js
DA:1,1
DA:3,1
DA:4,0
end_of_record
SF:src/modules/uuid.js
DA:1,1
DA:5,0
DA:6,0
DA:8,0
DA:10,0
DA:11,0
DA:12,0
DA:13,0
end_of_record
SF:src/modules/waitForCloud.js
DA:1,1
DA:2,1
DA:3,1
DA:4,1
DA:5,1
DA:6,1
DA:7,1
DA:10,1
DA:12,1
DA:13,1
DA:14,1
DA:17,1
DA:19,0
DA:21,1
DA:22,1
DA:25,1
DA:26,1
DA:27,1
DA:30,0
DA:32,1
DA:33,1
DA:35,0
DA:36,0
DA:38,1
DA:39,1
DA:40,1
DA:41,1
DA:48,0
DA:50,1
DA:56,1
DA:57,0
DA:60,1
DA:62,1
DA:63,1
DA:65,0
DA:69,1
DA:70,1
DA:73,1
DA:74,1
DA:78,1
DA:79,0
DA:80,0
DA:81,0
DA:82,0
DA:83,0
DA:88,1
DA:91,0
DA:93,0
DA:96,1
DA:100,1
end_of_record
